
 RUN  v2.1.9 /home/brad/projects/ruleprobe

 ✓ tests/fixtures/sample-output/passing/tests/user-service.test.ts (1 test) 2ms
 ✓ tests/fixtures/sample-output/passing/tests/utils/validation.test.ts (1 test) 2ms
 ✓ tests/fixtures/sample-output/passing/tests/types.test.ts (1 test) 2ms
 ✓ tests/parsers/markdown-parser.test.ts (11 tests) 6ms
 ✓ tests/verifier/regex-verifier.test.ts (6 tests) 8ms
 ✓ tests/verifier/file-verifier.test.ts (9 tests) 9ms
 ✓ tests/parsers/rule-extractor.test.ts (49 tests) 21ms
 ✓ tests/verifier/ast-verifier.test.ts (19 tests) 2033ms
   ✓ AST verifier: passing fixtures > finds no default exports in passing code 552ms
   ✓ AST verifier: passing fixtures > finds no missing JSDoc on exported functions in passing code 365ms
   ✓ AST verifier: default export detection > detects default export 364ms
   ✓ AST verifier: missing JSDoc detection > detects exported functions missing JSDoc 363ms
   ✓ AST verifier: missing JSDoc detection > does not flag non-exported functions for missing JSDoc 333ms
 ✓ tests/verifier/index.test.ts (7 tests) 4166ms
   ✓ Verifier orchestrator: passing fixtures > returns all rules as passing 1235ms
   ✓ Verifier orchestrator: passing fixtures > preserves rule order in results 890ms
   ✓ Verifier orchestrator: failing fixtures > flags multiple rules as failing 695ms
   ✓ Verifier orchestrator: failing fixtures > routes rules to the correct verifiers 661ms
   ✓ Verifier orchestrator: failing fixtures > each result contains evidence of failures 683ms

 Test Files  9 passed (9)
      Tests  104 passed (104)
   Start at  12:12:09
   Duration  4.75s (transform 259ms, setup 0ms, collect 971ms, tests 6.25s, environment 2ms, prepare 651ms)

