=== RuleProbe Security Hardening Verification ===
Date: 2026-04-06T22:02:04Z

=== 1. vitest run ===

 RUN  v2.1.9 /home/brad/projects/ruleprobe

 ✓ tests/fixtures/case-study-output/agent-a/tests/types.test.ts (2 tests) 3ms
 ✓ tests/fixtures/sample-output/passing/tests/types.test.ts (1 test) 3ms
 ✓ tests/fixtures/case-study-output/agent-a/tests/utils/id.test.ts (2 tests) 3ms
 ✓ tests/fixtures/case-study-output/agent-a/tests/routes/bookmarks.test.ts (7 tests) 5ms
 ✓ tests/fixtures/sample-output/passing/tests/user-service.test.ts (1 test) 3ms
 ✓ tests/fixtures/sample-output/passing/tests/utils/validation.test.ts (1 test) 3ms
 ✓ tests/fixtures/case-study-output/agent-b/tests/types.test.ts (3 tests) 4ms
 ✓ tests/fixtures/case-study-output/agent-b/tests/middleware/validation.test.ts (4 tests) 4ms
 ✓ tests/fixtures/case-study-output/agent-b/tests/utils/id.test.ts (2 tests) 4ms
 ✓ tests/fixtures/case-study-output/agent-b/tests/routes/bookmarks.test.ts (8 tests) 8ms
 ✓ tests/verifier/regex-verifier.test.ts (5 tests) 5ms
Warning: skipping symlink /tmp/ruleprobe-walk-QlszDe/src/linked-external.ts
Warning: skipping symlink /tmp/ruleprobe-walk-QlszDe/src/linked-internal.ts
 ✓ tests/utils/safe-path.test.ts (9 tests) 10ms
 ✓ tests/parsers/markdown-parser.test.ts (11 tests) 11ms
 ✓ tests/verifier/file-verifier.test.ts (11 tests) 25ms
 ✓ tests/reporter/json.test.ts (6 tests) 10ms
 ✓ tests/reporter/text.test.ts (10 tests) 12ms
 ✓ tests/reporter/markdown.test.ts (12 tests) 19ms
 ✓ tests/parsers/rule-extractor.test.ts (49 tests) 48ms
 ✓ tests/verifier/ast-verifier.test.ts (19 tests) 2107ms
   ✓ AST verifier: passing fixtures > finds no default exports in passing code 584ms
   ✓ AST verifier: passing fixtures > finds no missing JSDoc on exported functions in passing code 426ms
   ✓ AST verifier: default export detection > detects default export 356ms
   ✓ AST verifier: missing JSDoc detection > detects exported functions missing JSDoc 332ms
   ✓ AST verifier: missing JSDoc detection > does not flag non-exported functions for missing JSDoc 348ms
 ✓ tests/verifier/index.test.ts (7 tests) 4672ms
   ✓ Verifier orchestrator: passing fixtures > returns all rules as passing 1223ms
   ✓ Verifier orchestrator: passing fixtures > preserves rule order in results 1030ms
   ✓ Verifier orchestrator: failing fixtures > flags multiple rules as failing 789ms
   ✓ Verifier orchestrator: failing fixtures > routes rules to the correct verifiers 768ms
   ✓ Verifier orchestrator: failing fixtures > each result contains evidence of failures 861ms
 ✓ tests/cli/cli.test.ts (16 tests) 29976ms
   ✓ CLI: parse command > outputs JSON when --format json 1857ms
   ✓ CLI: parse command > outputs text by default 1570ms
   ✓ CLI: parse command > includes unparseable lines with --show-unparseable 1573ms
   ✓ CLI: parse command > fails with actionable error for missing file 1429ms
   ✓ CLI: verify command > produces text output for passing fixtures 2539ms
   ✓ CLI: verify command > produces JSON output with --format json 2708ms
   ✓ CLI: verify command > produces markdown output with --format markdown 2698ms
   ✓ CLI: verify command > shows failures for failing fixtures 2400ms
   ✓ CLI: verify command > fails with actionable error for missing instruction file 1354ms
   ✓ CLI: verify command > fails with actionable error for missing output directory 1299ms
   ✓ CLI: tasks command > lists available task templates 1470ms
   ✓ CLI: tasks command > shows template descriptions 1337ms
   ✓ CLI: task command > outputs the full prompt for a valid template 1373ms
   ✓ CLI: task command > fails for unknown template 1385ms
   ✓ CLI: compare command > produces markdown comparison table 3545ms
   ✓ CLI: help > shows help text with --help 1437ms

 Test Files  21 passed (21)
      Tests  186 passed (186)
   Start at  16:02:04
   Duration  30.38s (transform 1.17s, setup 0ms, collect 2.97s, tests 36.93s, environment 5ms, prepare 2.37s)


=== 2. npm run build ===

> ruleprobe@0.1.0 build
> tsc && cp -r src/runner/task-templates dist/runner/task-templates


=== 3. npm audit ===
# npm audit report

esbuild  <=0.24.2
Severity: moderate
esbuild enables any website to send any requests to the development server and read the response - https://github.com/advisories/GHSA-67mh-4wv8-2f99
fix available via `npm audit fix --force`
Will install vitest@4.1.2, which is a breaking change
node_modules/esbuild
  vite  <=6.4.1
  Depends on vulnerable versions of esbuild
  node_modules/vite
    @vitest/mocker  <=3.0.0-beta.4
    Depends on vulnerable versions of vite
    node_modules/@vitest/mocker
      vitest  0.0.1 - 0.0.12 || 0.0.29 - 0.0.122 || 0.3.3 - 3.0.0-beta.4
      Depends on vulnerable versions of @vitest/mocker
      Depends on vulnerable versions of vite
      Depends on vulnerable versions of vite-node
      node_modules/vitest
    vite-node  <=2.2.0-beta.2
    Depends on vulnerable versions of vite
    node_modules/vite-node


5 moderate severity vulnerabilities

To address all issues (including breaking changes), run:
  npm audit fix --force

=== 4. Normal operation (path accepted) ===
RuleProbe Adherence Report
Agent: test | Model: test | Task: manual
Date: 2026-04-06T22:02:38.560Z

Rules: 10 total | 10 passed | 0 failed | Score: 100%

PASS  naming/naming-camelcase-variables-1
PASS  naming/naming-pascalcase-types-2
PASS  naming/naming-kebab-case-files-3
PASS  forbidden-pattern/forbidden-no-any-type-4
PASS  forbidden-pattern/forbidden-no-console-log-5
PASS  structure/structure-named-exports-only-6
PASS  structure/structure-jsdoc-required-7
PASS  structure/structure-max-file-length-8
PASS  test-requirement/test-files-exist-9
PASS  import-pattern/import-no-path-aliases-10

By Category:
  naming:             3/3 (100%)
  forbidden-pattern:  2/2 (100%)
  structure:          3/3 (100%)
  import-pattern:     1/1 (100%)
  test-requirement:   1/1 (100%)

=== 5. Path rejection ===
Error: Path /etc is outside the working directory /home/brad/projects/ruleprobe. Use --allow-symlinks if this is intentional.

=== 6. Em dash check ===
SECURITY.md:0
README.md:0

=== 7. Unpinned version check ===
0
0 (no matches)

=== Verification complete ===
